{"C:\\Users\\astor\\Desktop\\CTD\\Node\\node-homework\\app.js": {"path":"C:\\Users\\astor\\Desktop\\CTD\\Node\\node-homework\\app.js","statementMap":{"0":{"start":{"line":1,"column":16},"end":{"line":1,"column":34}},"1":{"start":{"line":2,"column":31},"end":{"line":2,"column":48}},"2":{"start":{"line":3,"column":13},"end":{"line":3,"column":28}},"3":{"start":{"line":4,"column":21},"end":{"line":4,"column":58}},"4":{"start":{"line":5,"column":24},"end":{"line":5,"column":57}},"5":{"start":{"line":6,"column":19},"end":{"line":6,"column":50}},"6":{"start":{"line":7,"column":19},"end":{"line":7,"column":50}},"7":{"start":{"line":8,"column":24},"end":{"line":8,"column":60}},"8":{"start":{"line":9,"column":12},"end":{"line":9,"column":21}},"9":{"start":{"line":10,"column":13},"end":{"line":10,"column":36}},"10":{"start":{"line":11,"column":15},"end":{"line":11,"column":37}},"11":{"start":{"line":13,"column":0},"end":{"line":13,"column":18}},"12":{"start":{"line":14,"column":0},"end":{"line":14,"column":18}},"13":{"start":{"line":16,"column":0},"end":{"line":16,"column":26}},"14":{"start":{"line":17,"column":15},"end":{"line":17,"column":32}},"15":{"start":{"line":18,"column":16},"end":{"line":18,"column":48}},"16":{"start":{"line":19,"column":20},"end":{"line":19,"column":49}},"17":{"start":{"line":21,"column":0},"end":{"line":26,"column":2}},"18":{"start":{"line":27,"column":0},"end":{"line":27,"column":18}},"19":{"start":{"line":29,"column":21},"end":{"line":29,"column":45}},"20":{"start":{"line":30,"column":0},"end":{"line":30,"column":46}},"21":{"start":{"line":32,"column":0},"end":{"line":32,"column":40}},"22":{"start":{"line":33,"column":0},"end":{"line":33,"column":15}},"23":{"start":{"line":34,"column":0},"end":{"line":43,"column":3}},"24":{"start":{"line":35,"column":2},"end":{"line":42,"column":3}},"25":{"start":{"line":36,"column":4},"end":{"line":36,"column":37}},"26":{"start":{"line":37,"column":4},"end":{"line":37,"column":48}},"27":{"start":{"line":39,"column":4},"end":{"line":41,"column":74}},"28":{"start":{"line":45,"column":0},"end":{"line":45,"column":34}},"29":{"start":{"line":46,"column":0},"end":{"line":46,"column":34}},"30":{"start":{"line":47,"column":0},"end":{"line":47,"column":43}},"31":{"start":{"line":49,"column":0},"end":{"line":49,"column":25}},"32":{"start":{"line":50,"column":0},"end":{"line":50,"column":22}},"33":{"start":{"line":52,"column":13},"end":{"line":52,"column":37}},"34":{"start":{"line":53,"column":15},"end":{"line":55,"column":1}},"35":{"start":{"line":54,"column":2},"end":{"line":54,"column":55}},"36":{"start":{"line":57,"column":0},"end":{"line":64,"column":3}},"37":{"start":{"line":58,"column":2},"end":{"line":62,"column":3}},"38":{"start":{"line":59,"column":4},"end":{"line":59,"column":53}},"39":{"start":{"line":61,"column":4},"end":{"line":61,"column":40}},"40":{"start":{"line":63,"column":2},"end":{"line":63,"column":18}},"41":{"start":{"line":66,"column":21},"end":{"line":66,"column":26}},"42":{"start":{"line":68,"column":2},"end":{"line":68,"column":29}},"43":{"start":{"line":68,"column":22},"end":{"line":68,"column":29}},"44":{"start":{"line":69,"column":2},"end":{"line":69,"column":24}},"45":{"start":{"line":70,"column":2},"end":{"line":70,"column":45}},"46":{"start":{"line":71,"column":2},"end":{"line":84,"column":3}},"47":{"start":{"line":72,"column":4},"end":{"line":72,"column":58}},"48":{"start":{"line":72,"column":35},"end":{"line":72,"column":56}},"49":{"start":{"line":73,"column":4},"end":{"line":73,"column":39}},"50":{"start":{"line":75,"column":4},"end":{"line":75,"column":21}},"51":{"start":{"line":76,"column":4},"end":{"line":76,"column":31}},"52":{"start":{"line":77,"column":4},"end":{"line":77,"column":39}},"53":{"start":{"line":79,"column":4},"end":{"line":79,"column":49}},"54":{"start":{"line":80,"column":4},"end":{"line":80,"column":13}},"55":{"start":{"line":82,"column":4},"end":{"line":82,"column":38}},"56":{"start":{"line":83,"column":4},"end":{"line":83,"column":23}},"57":{"start":{"line":87,"column":0},"end":{"line":87,"column":40}},"58":{"start":{"line":87,"column":27},"end":{"line":87,"column":38}},"59":{"start":{"line":88,"column":0},"end":{"line":88,"column":41}},"60":{"start":{"line":88,"column":28},"end":{"line":88,"column":39}},"61":{"start":{"line":89,"column":0},"end":{"line":92,"column":3}},"62":{"start":{"line":90,"column":2},"end":{"line":90,"column":44}},"63":{"start":{"line":91,"column":2},"end":{"line":91,"column":14}},"64":{"start":{"line":93,"column":0},"end":{"line":96,"column":3}},"65":{"start":{"line":94,"column":2},"end":{"line":94,"column":48}},"66":{"start":{"line":95,"column":2},"end":{"line":95,"column":14}},"67":{"start":{"line":98,"column":0},"end":{"line":98,"column":33}}},"fnMap":{"0":{"name":"(anonymous_0)","decl":{"start":{"line":34,"column":19},"end":{"line":34,"column":20}},"loc":{"start":{"line":34,"column":39},"end":{"line":43,"column":1}},"line":34},"1":{"name":"(anonymous_1)","decl":{"start":{"line":53,"column":32},"end":{"line":53,"column":33}},"loc":{"start":{"line":54,"column":2},"end":{"line":54,"column":55}},"line":54},"2":{"name":"(anonymous_2)","decl":{"start":{"line":57,"column":19},"end":{"line":57,"column":20}},"loc":{"start":{"line":57,"column":28},"end":{"line":64,"column":1}},"line":57},"3":{"name":"shutdown","decl":{"start":{"line":67,"column":15},"end":{"line":67,"column":23}},"loc":{"start":{"line":67,"column":34},"end":{"line":85,"column":1}},"line":67},"4":{"name":"(anonymous_4)","decl":{"start":{"line":72,"column":22},"end":{"line":72,"column":23}},"loc":{"start":{"line":72,"column":35},"end":{"line":72,"column":56}},"line":72},"5":{"name":"(anonymous_5)","decl":{"start":{"line":87,"column":21},"end":{"line":87,"column":22}},"loc":{"start":{"line":87,"column":27},"end":{"line":87,"column":38}},"line":87},"6":{"name":"(anonymous_6)","decl":{"start":{"line":88,"column":22},"end":{"line":88,"column":23}},"loc":{"start":{"line":88,"column":28},"end":{"line":88,"column":39}},"line":88},"7":{"name":"(anonymous_7)","decl":{"start":{"line":89,"column":32},"end":{"line":89,"column":33}},"loc":{"start":{"line":89,"column":41},"end":{"line":92,"column":1}},"line":89},"8":{"name":"(anonymous_8)","decl":{"start":{"line":93,"column":33},"end":{"line":93,"column":34}},"loc":{"start":{"line":93,"column":45},"end":{"line":96,"column":1}},"line":93}},"branchMap":{"0":{"loc":{"start":{"line":52,"column":13},"end":{"line":52,"column":37}},"type":"binary-expr","locations":[{"start":{"line":52,"column":13},"end":{"line":52,"column":29}},{"start":{"line":52,"column":33},"end":{"line":52,"column":37}}],"line":52},"1":{"loc":{"start":{"line":58,"column":2},"end":{"line":62,"column":3}},"type":"if","locations":[{"start":{"line":58,"column":2},"end":{"line":62,"column":3}},{"start":{"line":60,"column":9},"end":{"line":62,"column":3}}],"line":58},"2":{"loc":{"start":{"line":67,"column":24},"end":{"line":67,"column":32}},"type":"default-arg","locations":[{"start":{"line":67,"column":31},"end":{"line":67,"column":32}}],"line":67},"3":{"loc":{"start":{"line":68,"column":2},"end":{"line":68,"column":29}},"type":"if","locations":[{"start":{"line":68,"column":2},"end":{"line":68,"column":29}},{"start":{},"end":{}}],"line":68}},"s":{"0":1,"1":1,"2":1,"3":1,"4":1,"5":1,"6":1,"7":1,"8":1,"9":1,"10":1,"11":1,"12":1,"13":1,"14":1,"15":1,"16":1,"17":1,"18":1,"19":1,"20":1,"21":1,"22":1,"23":1,"24":0,"25":0,"26":0,"27":0,"28":1,"29":1,"30":1,"31":1,"32":1,"33":1,"34":1,"35":1,"36":1,"37":0,"38":0,"39":0,"40":0,"41":1,"42":0,"43":0,"44":0,"45":0,"46":0,"47":0,"48":0,"49":0,"50":0,"51":0,"52":0,"53":0,"54":0,"55":0,"56":0,"57":1,"58":0,"59":1,"60":0,"61":1,"62":0,"63":0,"64":1,"65":0,"66":0,"67":1},"f":{"0":0,"1":1,"2":0,"3":0,"4":0,"5":0,"6":0,"7":0,"8":0},"b":{"0":[1,1],"1":[0,0],"2":[0],"3":[0,0]},"_coverageSchema":"1a1c01bbd47fc00a2c39e90264f33305004495a9","hash":"7a5dc7659c606bf9c7c3684f00fb510ef145604e"}
,"C:\\Users\\astor\\Desktop\\CTD\\Node\\node-homework\\controllers\\analyticsController.js": {"path":"C:\\Users\\astor\\Desktop\\CTD\\Node\\node-homework\\controllers\\analyticsController.js","statementMap":{"0":{"start":{"line":1,"column":15},"end":{"line":1,"column":38}},"1":{"start":{"line":2,"column":29},"end":{"line":2,"column":64}},"2":{"start":{"line":4,"column":17},"end":{"line":4,"column":41}},"3":{"start":{"line":5,"column":2},"end":{"line":9,"column":3}},"4":{"start":{"line":6,"column":4},"end":{"line":8,"column":61}},"5":{"start":{"line":11,"column":2},"end":{"line":62,"column":3}},"6":{"start":{"line":12,"column":23},"end":{"line":14,"column":6}},"7":{"start":{"line":15,"column":4},"end":{"line":17,"column":5}},"8":{"start":{"line":16,"column":6},"end":{"line":16,"column":63}},"9":{"start":{"line":19,"column":22},"end":{"line":25,"column":6}},"10":{"start":{"line":27,"column":24},"end":{"line":42,"column":6}},"11":{"start":{"line":44,"column":23},"end":{"line":44,"column":69}},"12":{"start":{"line":46,"column":27},"end":{"line":53,"column":6}},"13":{"start":{"line":55,"column":4},"end":{"line":59,"column":7}},"14":{"start":{"line":61,"column":4},"end":{"line":61,"column":23}},"15":{"start":{"line":66,"column":27},"end":{"line":66,"column":63}},"16":{"start":{"line":68,"column":2},"end":{"line":70,"column":3}},"17":{"start":{"line":69,"column":4},"end":{"line":69,"column":69}},"18":{"start":{"line":72,"column":15},"end":{"line":72,"column":40}},"19":{"start":{"line":73,"column":16},"end":{"line":73,"column":43}},"20":{"start":{"line":74,"column":15},"end":{"line":74,"column":33}},"21":{"start":{"line":76,"column":19},"end":{"line":92,"column":4}},"22":{"start":{"line":94,"column":16},"end":{"line":101,"column":5}},"23":{"start":{"line":94,"column":40},"end":{"line":101,"column":3}},"24":{"start":{"line":103,"column":21},"end":{"line":103,"column":46}},"25":{"start":{"line":105,"column":21},"end":{"line":112,"column":3}},"26":{"start":{"line":114,"column":2},"end":{"line":117,"column":5}},"27":{"start":{"line":121,"column":22},"end":{"line":121,"column":33}},"28":{"start":{"line":124,"column":2},"end":{"line":128,"column":3}},"29":{"start":{"line":125,"column":4},"end":{"line":127,"column":7}},"30":{"start":{"line":131,"column":14},"end":{"line":131,"column":39}},"31":{"start":{"line":132,"column":2},"end":{"line":134,"column":3}},"32":{"start":{"line":133,"column":4},"end":{"line":133,"column":15}},"33":{"start":{"line":136,"column":24},"end":{"line":136,"column":42}},"34":{"start":{"line":137,"column":21},"end":{"line":137,"column":32}},"35":{"start":{"line":138,"column":21},"end":{"line":138,"column":38}},"36":{"start":{"line":141,"column":24},"end":{"line":163,"column":1}},"37":{"start":{"line":167,"column":2},"end":{"line":171,"column":5}},"38":{"start":{"line":174,"column":0},"end":{"line":178,"column":2}}},"fnMap":{"0":{"name":"getUserAnalytics","decl":{"start":{"line":3,"column":15},"end":{"line":3,"column":31}},"loc":{"start":{"line":3,"column":48},"end":{"line":63,"column":1}},"line":3},"1":{"name":"getUsersWithStats","decl":{"start":{"line":65,"column":15},"end":{"line":65,"column":32}},"loc":{"start":{"line":65,"column":43},"end":{"line":118,"column":1}},"line":65},"2":{"name":"(anonymous_2)","decl":{"start":{"line":94,"column":29},"end":{"line":94,"column":30}},"loc":{"start":{"line":94,"column":40},"end":{"line":101,"column":3}},"line":94},"3":{"name":"searchTasks","decl":{"start":{"line":120,"column":15},"end":{"line":120,"column":26}},"loc":{"start":{"line":120,"column":37},"end":{"line":172,"column":1}},"line":120}},"branchMap":{"0":{"loc":{"start":{"line":5,"column":2},"end":{"line":9,"column":3}},"type":"if","locations":[{"start":{"line":5,"column":2},"end":{"line":9,"column":3}},{"start":{},"end":{}}],"line":5},"1":{"loc":{"start":{"line":15,"column":4},"end":{"line":17,"column":5}},"type":"if","locations":[{"start":{"line":15,"column":4},"end":{"line":17,"column":5}},{"start":{},"end":{}}],"line":15},"2":{"loc":{"start":{"line":68,"column":2},"end":{"line":70,"column":3}},"type":"if","locations":[{"start":{"line":68,"column":2},"end":{"line":70,"column":3}},{"start":{},"end":{}}],"line":68},"3":{"loc":{"start":{"line":72,"column":15},"end":{"line":72,"column":40}},"type":"binary-expr","locations":[{"start":{"line":72,"column":15},"end":{"line":72,"column":35}},{"start":{"line":72,"column":39},"end":{"line":72,"column":40}}],"line":72},"4":{"loc":{"start":{"line":73,"column":16},"end":{"line":73,"column":43}},"type":"binary-expr","locations":[{"start":{"line":73,"column":16},"end":{"line":73,"column":37}},{"start":{"line":73,"column":41},"end":{"line":73,"column":43}}],"line":73},"5":{"loc":{"start":{"line":124,"column":2},"end":{"line":128,"column":3}},"type":"if","locations":[{"start":{"line":124,"column":2},"end":{"line":128,"column":3}},{"start":{},"end":{}}],"line":124},"6":{"loc":{"start":{"line":124,"column":6},"end":{"line":124,"column":51}},"type":"binary-expr","locations":[{"start":{"line":124,"column":6},"end":{"line":124,"column":18}},{"start":{"line":124,"column":22},"end":{"line":124,"column":51}}],"line":124},"7":{"loc":{"start":{"line":132,"column":2},"end":{"line":134,"column":3}},"type":"if","locations":[{"start":{"line":132,"column":2},"end":{"line":134,"column":3}},{"start":{},"end":{}}],"line":132}},"s":{"0":1,"1":1,"2":0,"3":0,"4":0,"5":0,"6":0,"7":0,"8":0,"9":0,"10":0,"11":0,"12":0,"13":0,"14":0,"15":0,"16":0,"17":0,"18":0,"19":0,"20":0,"21":0,"22":0,"23":0,"24":0,"25":0,"26":0,"27":0,"28":0,"29":0,"30":0,"31":0,"32":0,"33":0,"34":0,"35":0,"36":0,"37":0,"38":1},"f":{"0":0,"1":0,"2":0,"3":0},"b":{"0":[0,0],"1":[0,0],"2":[0,0],"3":[0,0],"4":[0,0],"5":[0,0],"6":[0,0],"7":[0,0]},"_coverageSchema":"1a1c01bbd47fc00a2c39e90264f33305004495a9","hash":"9d907d86caddd7ef3a4cb9f45fc3097a6e7b678a"}
,"C:\\Users\\astor\\Desktop\\CTD\\Node\\node-homework\\controllers\\taskController.js": {"path":"C:\\Users\\astor\\Desktop\\CTD\\Node\\node-homework\\controllers\\taskController.js","statementMap":{"0":{"start":{"line":1,"column":40},"end":{"line":1,"column":77}},"1":{"start":{"line":2,"column":24},"end":{"line":2,"column":52}},"2":{"start":{"line":3,"column":29},"end":{"line":3,"column":64}},"3":{"start":{"line":4,"column":13},"end":{"line":4,"column":39}},"4":{"start":{"line":5,"column":15},"end":{"line":5,"column":40}},"5":{"start":{"line":6,"column":20},"end":{"line":12,"column":4}},"6":{"start":{"line":7,"column":23},"end":{"line":7,"column":24}},"7":{"start":{"line":8,"column":2},"end":{"line":11,"column":4}},"8":{"start":{"line":9,"column":4},"end":{"line":9,"column":24}},"9":{"start":{"line":10,"column":4},"end":{"line":10,"column":26}},"10":{"start":{"line":15,"column":27},"end":{"line":15,"column":79}},"11":{"start":{"line":16,"column":2},"end":{"line":20,"column":3}},"12":{"start":{"line":17,"column":4},"end":{"line":19,"column":7}},"13":{"start":{"line":22,"column":18},"end":{"line":26,"column":3}},"14":{"start":{"line":28,"column":2},"end":{"line":28,"column":23}},"15":{"start":{"line":30,"column":15},"end":{"line":38,"column":4}},"16":{"start":{"line":40,"column":2},"end":{"line":40,"column":29}},"17":{"start":{"line":44,"column":27},"end":{"line":44,"column":63}},"18":{"start":{"line":46,"column":2},"end":{"line":48,"column":3}},"19":{"start":{"line":47,"column":4},"end":{"line":47,"column":69}},"20":{"start":{"line":50,"column":15},"end":{"line":50,"column":40}},"21":{"start":{"line":51,"column":16},"end":{"line":51,"column":43}},"22":{"start":{"line":52,"column":15},"end":{"line":52,"column":33}},"23":{"start":{"line":54,"column":22},"end":{"line":54,"column":45}},"24":{"start":{"line":55,"column":62},"end":{"line":55,"column":67}},"25":{"start":{"line":57,"column":2},"end":{"line":62,"column":3}},"26":{"start":{"line":58,"column":4},"end":{"line":61,"column":6}},"27":{"start":{"line":63,"column":2},"end":{"line":65,"column":3}},"28":{"start":{"line":64,"column":4},"end":{"line":64,"column":36}},"29":{"start":{"line":66,"column":2},"end":{"line":68,"column":3}},"30":{"start":{"line":67,"column":4},"end":{"line":67,"column":53}},"31":{"start":{"line":69,"column":2},"end":{"line":73,"column":3}},"32":{"start":{"line":70,"column":4},"end":{"line":72,"column":6}},"33":{"start":{"line":74,"column":2},"end":{"line":78,"column":3}},"34":{"start":{"line":75,"column":4},"end":{"line":77,"column":6}},"35":{"start":{"line":80,"column":20},"end":{"line":98,"column":4}},"36":{"start":{"line":100,"column":21},"end":{"line":102,"column":4}},"37":{"start":{"line":104,"column":21},"end":{"line":111,"column":3}},"38":{"start":{"line":113,"column":2},"end":{"line":117,"column":3}},"39":{"start":{"line":114,"column":4},"end":{"line":114,"column":59}},"40":{"start":{"line":116,"column":4},"end":{"line":116,"column":63}},"41":{"start":{"line":120,"column":17},"end":{"line":120,"column":40}},"42":{"start":{"line":122,"column":2},"end":{"line":124,"column":3}},"43":{"start":{"line":123,"column":4},"end":{"line":123,"column":62}},"44":{"start":{"line":126,"column":19},"end":{"line":143,"column":4}},"45":{"start":{"line":145,"column":2},"end":{"line":147,"column":3}},"46":{"start":{"line":146,"column":4},"end":{"line":146,"column":63}},"47":{"start":{"line":149,"column":2},"end":{"line":149,"column":33}},"48":{"start":{"line":165,"column":27},"end":{"line":167,"column":4}},"49":{"start":{"line":168,"column":2},"end":{"line":172,"column":3}},"50":{"start":{"line":169,"column":4},"end":{"line":171,"column":7}},"51":{"start":{"line":173,"column":2},"end":{"line":195,"column":3}},"52":{"start":{"line":174,"column":17},"end":{"line":187,"column":6}},"53":{"start":{"line":188,"column":4},"end":{"line":188,"column":31}},"54":{"start":{"line":190,"column":4},"end":{"line":194,"column":5}},"55":{"start":{"line":191,"column":6},"end":{"line":191,"column":74}},"56":{"start":{"line":193,"column":6},"end":{"line":193,"column":23}},"57":{"start":{"line":198,"column":21},"end":{"line":198,"column":45}},"58":{"start":{"line":200,"column":2},"end":{"line":204,"column":3}},"59":{"start":{"line":201,"column":4},"end":{"line":203,"column":61}},"60":{"start":{"line":206,"column":2},"end":{"line":223,"column":3}},"61":{"start":{"line":207,"column":17},"end":{"line":215,"column":6}},"62":{"start":{"line":216,"column":4},"end":{"line":216,"column":31}},"63":{"start":{"line":218,"column":4},"end":{"line":222,"column":5}},"64":{"start":{"line":219,"column":6},"end":{"line":219,"column":74}},"65":{"start":{"line":221,"column":6},"end":{"line":221,"column":23}},"66":{"start":{"line":227,"column":20},"end":{"line":227,"column":28}},"67":{"start":{"line":230,"column":2},"end":{"line":234,"column":3}},"68":{"start":{"line":231,"column":4},"end":{"line":233,"column":7}},"69":{"start":{"line":237,"column":21},"end":{"line":237,"column":23}},"70":{"start":{"line":238,"column":2},"end":{"line":252,"column":3}},"71":{"start":{"line":239,"column":29},"end":{"line":239,"column":54}},"72":{"start":{"line":240,"column":4},"end":{"line":245,"column":5}},"73":{"start":{"line":241,"column":6},"end":{"line":244,"column":9}},"74":{"start":{"line":246,"column":4},"end":{"line":251,"column":7}},"75":{"start":{"line":255,"column":2},"end":{"line":268,"column":3}},"76":{"start":{"line":256,"column":19},"end":{"line":259,"column":6}},"77":{"start":{"line":261,"column":4},"end":{"line":265,"column":7}},"78":{"start":{"line":267,"column":4},"end":{"line":267,"column":21}},"79":{"start":{"line":271,"column":0},"end":{"line":271,"column":73}}},"fnMap":{"0":{"name":"(anonymous_0)","decl":{"start":{"line":6,"column":21},"end":{"line":6,"column":22}},"loc":{"start":{"line":6,"column":27},"end":{"line":12,"column":1}},"line":6},"1":{"name":"(anonymous_1)","decl":{"start":{"line":8,"column":9},"end":{"line":8,"column":10}},"loc":{"start":{"line":8,"column":15},"end":{"line":11,"column":3}},"line":8},"2":{"name":"create","decl":{"start":{"line":14,"column":15},"end":{"line":14,"column":21}},"loc":{"start":{"line":14,"column":32},"end":{"line":41,"column":1}},"line":14},"3":{"name":"index","decl":{"start":{"line":43,"column":15},"end":{"line":43,"column":20}},"loc":{"start":{"line":43,"column":31},"end":{"line":118,"column":1}},"line":43},"4":{"name":"show","decl":{"start":{"line":119,"column":15},"end":{"line":119,"column":19}},"loc":{"start":{"line":119,"column":30},"end":{"line":163,"column":1}},"line":119},"5":{"name":"update","decl":{"start":{"line":164,"column":15},"end":{"line":164,"column":21}},"loc":{"start":{"line":164,"column":38},"end":{"line":196,"column":1}},"line":164},"6":{"name":"deleteTask","decl":{"start":{"line":197,"column":15},"end":{"line":197,"column":25}},"loc":{"start":{"line":197,"column":42},"end":{"line":224,"column":1}},"line":197},"7":{"name":"bulkCreate","decl":{"start":{"line":226,"column":15},"end":{"line":226,"column":25}},"loc":{"start":{"line":226,"column":42},"end":{"line":269,"column":1}},"line":226}},"branchMap":{"0":{"loc":{"start":{"line":16,"column":2},"end":{"line":20,"column":3}},"type":"if","locations":[{"start":{"line":16,"column":2},"end":{"line":20,"column":3}},{"start":{},"end":{}}],"line":16},"1":{"loc":{"start":{"line":46,"column":2},"end":{"line":48,"column":3}},"type":"if","locations":[{"start":{"line":46,"column":2},"end":{"line":48,"column":3}},{"start":{},"end":{}}],"line":46},"2":{"loc":{"start":{"line":50,"column":15},"end":{"line":50,"column":40}},"type":"binary-expr","locations":[{"start":{"line":50,"column":15},"end":{"line":50,"column":35}},{"start":{"line":50,"column":39},"end":{"line":50,"column":40}}],"line":50},"3":{"loc":{"start":{"line":51,"column":16},"end":{"line":51,"column":43}},"type":"binary-expr","locations":[{"start":{"line":51,"column":16},"end":{"line":51,"column":37}},{"start":{"line":51,"column":41},"end":{"line":51,"column":43}}],"line":51},"4":{"loc":{"start":{"line":57,"column":2},"end":{"line":62,"column":3}},"type":"if","locations":[{"start":{"line":57,"column":2},"end":{"line":62,"column":3}},{"start":{},"end":{}}],"line":57},"5":{"loc":{"start":{"line":63,"column":2},"end":{"line":65,"column":3}},"type":"if","locations":[{"start":{"line":63,"column":2},"end":{"line":65,"column":3}},{"start":{},"end":{}}],"line":63},"6":{"loc":{"start":{"line":66,"column":2},"end":{"line":68,"column":3}},"type":"if","locations":[{"start":{"line":66,"column":2},"end":{"line":68,"column":3}},{"start":{},"end":{}}],"line":66},"7":{"loc":{"start":{"line":69,"column":2},"end":{"line":73,"column":3}},"type":"if","locations":[{"start":{"line":69,"column":2},"end":{"line":73,"column":3}},{"start":{},"end":{}}],"line":69},"8":{"loc":{"start":{"line":74,"column":2},"end":{"line":78,"column":3}},"type":"if","locations":[{"start":{"line":74,"column":2},"end":{"line":78,"column":3}},{"start":{},"end":{}}],"line":74},"9":{"loc":{"start":{"line":113,"column":2},"end":{"line":117,"column":3}},"type":"if","locations":[{"start":{"line":113,"column":2},"end":{"line":117,"column":3}},{"start":{"line":115,"column":9},"end":{"line":117,"column":3}}],"line":113},"10":{"loc":{"start":{"line":122,"column":2},"end":{"line":124,"column":3}},"type":"if","locations":[{"start":{"line":122,"column":2},"end":{"line":124,"column":3}},{"start":{},"end":{}}],"line":122},"11":{"loc":{"start":{"line":145,"column":2},"end":{"line":147,"column":3}},"type":"if","locations":[{"start":{"line":145,"column":2},"end":{"line":147,"column":3}},{"start":{},"end":{}}],"line":145},"12":{"loc":{"start":{"line":168,"column":2},"end":{"line":172,"column":3}},"type":"if","locations":[{"start":{"line":168,"column":2},"end":{"line":172,"column":3}},{"start":{},"end":{}}],"line":168},"13":{"loc":{"start":{"line":190,"column":4},"end":{"line":194,"column":5}},"type":"if","locations":[{"start":{"line":190,"column":4},"end":{"line":194,"column":5}},{"start":{"line":192,"column":11},"end":{"line":194,"column":5}}],"line":190},"14":{"loc":{"start":{"line":200,"column":2},"end":{"line":204,"column":3}},"type":"if","locations":[{"start":{"line":200,"column":2},"end":{"line":204,"column":3}},{"start":{},"end":{}}],"line":200},"15":{"loc":{"start":{"line":218,"column":4},"end":{"line":222,"column":5}},"type":"if","locations":[{"start":{"line":218,"column":4},"end":{"line":222,"column":5}},{"start":{"line":220,"column":11},"end":{"line":222,"column":5}}],"line":218},"16":{"loc":{"start":{"line":230,"column":2},"end":{"line":234,"column":3}},"type":"if","locations":[{"start":{"line":230,"column":2},"end":{"line":234,"column":3}},{"start":{},"end":{}}],"line":230},"17":{"loc":{"start":{"line":230,"column":6},"end":{"line":230,"column":59}},"type":"binary-expr","locations":[{"start":{"line":230,"column":6},"end":{"line":230,"column":12}},{"start":{"line":230,"column":16},"end":{"line":230,"column":37}},{"start":{"line":230,"column":41},"end":{"line":230,"column":59}}],"line":230},"18":{"loc":{"start":{"line":240,"column":4},"end":{"line":245,"column":5}},"type":"if","locations":[{"start":{"line":240,"column":4},"end":{"line":245,"column":5}},{"start":{},"end":{}}],"line":240},"19":{"loc":{"start":{"line":248,"column":19},"end":{"line":248,"column":45}},"type":"binary-expr","locations":[{"start":{"line":248,"column":19},"end":{"line":248,"column":36}},{"start":{"line":248,"column":40},"end":{"line":248,"column":45}}],"line":248},"20":{"loc":{"start":{"line":249,"column":16},"end":{"line":249,"column":42}},"type":"binary-expr","locations":[{"start":{"line":249,"column":16},"end":{"line":249,"column":30}},{"start":{"line":249,"column":34},"end":{"line":249,"column":42}}],"line":249}},"s":{"0":2,"1":2,"2":2,"3":2,"4":2,"5":2,"6":2,"7":2,"8":0,"9":0,"10":3,"11":3,"12":0,"13":3,"14":2,"15":2,"16":1,"17":4,"18":4,"19":0,"20":4,"21":4,"22":4,"23":4,"24":3,"25":3,"26":0,"27":3,"28":0,"29":3,"30":0,"31":3,"32":0,"33":3,"34":0,"35":3,"36":3,"37":3,"38":3,"39":2,"40":1,"41":3,"42":3,"43":0,"44":3,"45":3,"46":1,"47":2,"48":2,"49":2,"50":0,"51":2,"52":2,"53":1,"54":1,"55":1,"56":0,"57":2,"58":2,"59":0,"60":2,"61":2,"62":1,"63":1,"64":1,"65":0,"66":0,"67":0,"68":0,"69":0,"70":0,"71":0,"72":0,"73":0,"74":0,"75":0,"76":0,"77":0,"78":0,"79":2},"f":{"0":2,"1":0,"2":3,"3":4,"4":3,"5":2,"6":2,"7":0},"b":{"0":[0,3],"1":[0,4],"2":[4,0],"3":[4,0],"4":[0,3],"5":[0,3],"6":[0,3],"7":[0,3],"8":[0,3],"9":[2,1],"10":[0,3],"11":[1,2],"12":[0,2],"13":[1,0],"14":[0,2],"15":[1,0],"16":[0,0],"17":[0,0,0],"18":[0,0],"19":[0,0],"20":[0,0]},"_coverageSchema":"1a1c01bbd47fc00a2c39e90264f33305004495a9","hash":"447c9d6c7766b22b64504c6a783af36809f42174"}
,"C:\\Users\\astor\\Desktop\\CTD\\Node\\node-homework\\controllers\\userController.js": {"path":"C:\\Users\\astor\\Desktop\\CTD\\Node\\node-homework\\controllers\\userController.js","statementMap":{"0":{"start":{"line":1,"column":24},"end":{"line":1,"column":52}},"1":{"start":{"line":2,"column":23},"end":{"line":2,"column":60}},"2":{"start":{"line":4,"column":13},"end":{"line":4,"column":39}},"3":{"start":{"line":5,"column":15},"end":{"line":5,"column":40}},"4":{"start":{"line":7,"column":15},"end":{"line":7,"column":32}},"5":{"start":{"line":8,"column":13},"end":{"line":8,"column":28}},"6":{"start":{"line":9,"column":15},"end":{"line":9,"column":44}},"7":{"start":{"line":12,"column":23},"end":{"line":12,"column":40}},"8":{"start":{"line":13,"column":12},"end":{"line":13,"column":35}},"9":{"start":{"line":15,"column":20},"end":{"line":21,"column":1}},"10":{"start":{"line":16,"column":2},"end":{"line":20,"column":4}},"11":{"start":{"line":23,"column":21},"end":{"line":30,"column":1}},"12":{"start":{"line":25,"column":18},"end":{"line":25,"column":58}},"13":{"start":{"line":26,"column":16},"end":{"line":26,"column":78}},"14":{"start":{"line":28,"column":2},"end":{"line":28,"column":69}},"15":{"start":{"line":29,"column":2},"end":{"line":29,"column":27}},"16":{"start":{"line":33,"column":15},"end":{"line":33,"column":53}},"17":{"start":{"line":34,"column":21},"end":{"line":34,"column":53}},"18":{"start":{"line":35,"column":2},"end":{"line":35,"column":49}},"19":{"start":{"line":39,"column":22},"end":{"line":39,"column":43}},"20":{"start":{"line":40,"column":20},"end":{"line":40,"column":43}},"21":{"start":{"line":41,"column":21},"end":{"line":41,"column":58}},"22":{"start":{"line":42,"column":2},"end":{"line":42,"column":55}},"23":{"start":{"line":46,"column":16},"end":{"line":46,"column":31}},"24":{"start":{"line":47,"column":27},"end":{"line":47,"column":78}},"25":{"start":{"line":48,"column":2},"end":{"line":54,"column":3}},"26":{"start":{"line":49,"column":4},"end":{"line":53,"column":7}},"27":{"start":{"line":55,"column":2},"end":{"line":55,"column":18}},"28":{"start":{"line":56,"column":2},"end":{"line":56,"column":58}},"29":{"start":{"line":58,"column":2},"end":{"line":125,"column":3}},"30":{"start":{"line":59,"column":19},"end":{"line":103,"column":6}},"31":{"start":{"line":61,"column":28},"end":{"line":68,"column":8}},"32":{"start":{"line":71,"column":30},"end":{"line":83,"column":7}},"33":{"start":{"line":84,"column":6},"end":{"line":84,"column":58}},"34":{"start":{"line":87,"column":27},"end":{"line":100,"column":8}},"35":{"start":{"line":90,"column":50},"end":{"line":90,"column":57}},"36":{"start":{"line":102,"column":6},"end":{"line":102,"column":51}},"37":{"start":{"line":105,"column":22},"end":{"line":105,"column":57}},"38":{"start":{"line":107,"column":4},"end":{"line":107,"column":38}},"39":{"start":{"line":110,"column":4},"end":{"line":110,"column":20}},"40":{"start":{"line":111,"column":4},"end":{"line":116,"column":7}},"41":{"start":{"line":117,"column":4},"end":{"line":117,"column":11}},"42":{"start":{"line":119,"column":4},"end":{"line":124,"column":5}},"43":{"start":{"line":121,"column":6},"end":{"line":121,"column":73}},"44":{"start":{"line":123,"column":6},"end":{"line":123,"column":23}},"45":{"start":{"line":129,"column":15},"end":{"line":131,"column":4}},"46":{"start":{"line":133,"column":2},"end":{"line":135,"column":3}},"47":{"start":{"line":134,"column":4},"end":{"line":134,"column":70}},"48":{"start":{"line":136,"column":2},"end":{"line":162,"column":3}},"49":{"start":{"line":137,"column":20},"end":{"line":140,"column":5}},"50":{"start":{"line":141,"column":4},"end":{"line":157,"column":5}},"51":{"start":{"line":142,"column":6},"end":{"line":142,"column":27}},"52":{"start":{"line":143,"column":24},"end":{"line":143,"column":52}},"53":{"start":{"line":144,"column":6},"end":{"line":144,"column":33}},"54":{"start":{"line":145,"column":6},"end":{"line":145,"column":40}},"55":{"start":{"line":146,"column":6},"end":{"line":146,"column":29}},"56":{"start":{"line":147,"column":6},"end":{"line":152,"column":9}},"57":{"start":{"line":154,"column":6},"end":{"line":156,"column":52}},"58":{"start":{"line":159,"column":4},"end":{"line":161,"column":50}},"59":{"start":{"line":166,"column":2},"end":{"line":166,"column":43}},"60":{"start":{"line":167,"column":2},"end":{"line":167,"column":33}},"61":{"start":{"line":171,"column":17},"end":{"line":171,"column":40}},"62":{"start":{"line":173,"column":2},"end":{"line":175,"column":3}},"63":{"start":{"line":174,"column":4},"end":{"line":174,"column":62}},"64":{"start":{"line":177,"column":15},"end":{"line":196,"column":4}},"65":{"start":{"line":198,"column":2},"end":{"line":200,"column":3}},"66":{"start":{"line":199,"column":4},"end":{"line":199,"column":63}},"67":{"start":{"line":202,"column":2},"end":{"line":202,"column":29}},"68":{"start":{"line":205,"column":0},"end":{"line":205,"column":51}}},"fnMap":{"0":{"name":"(anonymous_0)","decl":{"start":{"line":15,"column":20},"end":{"line":15,"column":21}},"loc":{"start":{"line":15,"column":29},"end":{"line":21,"column":1}},"line":15},"1":{"name":"(anonymous_1)","decl":{"start":{"line":23,"column":21},"end":{"line":23,"column":22}},"loc":{"start":{"line":23,"column":41},"end":{"line":30,"column":1}},"line":23},"2":{"name":"hashPassword","decl":{"start":{"line":32,"column":15},"end":{"line":32,"column":27}},"loc":{"start":{"line":32,"column":38},"end":{"line":36,"column":1}},"line":32},"3":{"name":"comparePassword","decl":{"start":{"line":38,"column":15},"end":{"line":38,"column":30}},"loc":{"start":{"line":38,"column":58},"end":{"line":43,"column":1}},"line":38},"4":{"name":"register","decl":{"start":{"line":45,"column":15},"end":{"line":45,"column":23}},"loc":{"start":{"line":45,"column":40},"end":{"line":126,"column":1}},"line":45},"5":{"name":"(anonymous_5)","decl":{"start":{"line":59,"column":45},"end":{"line":59,"column":46}},"loc":{"start":{"line":59,"column":59},"end":{"line":103,"column":5}},"line":59},"6":{"name":"(anonymous_6)","decl":{"start":{"line":90,"column":43},"end":{"line":90,"column":44}},"loc":{"start":{"line":90,"column":50},"end":{"line":90,"column":57}},"line":90},"7":{"name":"logon","decl":{"start":{"line":128,"column":15},"end":{"line":128,"column":20}},"loc":{"start":{"line":128,"column":31},"end":{"line":163,"column":1}},"line":128},"8":{"name":"logoff","decl":{"start":{"line":165,"column":9},"end":{"line":165,"column":15}},"loc":{"start":{"line":165,"column":26},"end":{"line":168,"column":1}},"line":165},"9":{"name":"show","decl":{"start":{"line":170,"column":15},"end":{"line":170,"column":19}},"loc":{"start":{"line":170,"column":30},"end":{"line":203,"column":1}},"line":170}},"branchMap":{"0":{"loc":{"start":{"line":48,"column":2},"end":{"line":54,"column":3}},"type":"if","locations":[{"start":{"line":48,"column":2},"end":{"line":54,"column":3}},{"start":{},"end":{}}],"line":48},"1":{"loc":{"start":{"line":119,"column":4},"end":{"line":124,"column":5}},"type":"if","locations":[{"start":{"line":119,"column":4},"end":{"line":124,"column":5}},{"start":{"line":122,"column":11},"end":{"line":124,"column":5}}],"line":119},"2":{"loc":{"start":{"line":133,"column":2},"end":{"line":135,"column":3}},"type":"if","locations":[{"start":{"line":133,"column":2},"end":{"line":135,"column":3}},{"start":{},"end":{}}],"line":133},"3":{"loc":{"start":{"line":136,"column":2},"end":{"line":162,"column":3}},"type":"if","locations":[{"start":{"line":136,"column":2},"end":{"line":162,"column":3}},{"start":{"line":158,"column":9},"end":{"line":162,"column":3}}],"line":136},"4":{"loc":{"start":{"line":141,"column":4},"end":{"line":157,"column":5}},"type":"if","locations":[{"start":{"line":141,"column":4},"end":{"line":157,"column":5}},{"start":{"line":153,"column":11},"end":{"line":157,"column":5}}],"line":141},"5":{"loc":{"start":{"line":173,"column":2},"end":{"line":175,"column":3}},"type":"if","locations":[{"start":{"line":173,"column":2},"end":{"line":175,"column":3}},{"start":{},"end":{}}],"line":173},"6":{"loc":{"start":{"line":198,"column":2},"end":{"line":200,"column":3}},"type":"if","locations":[{"start":{"line":198,"column":2},"end":{"line":200,"column":3}},{"start":{},"end":{}}],"line":198}},"s":{"0":1,"1":1,"2":1,"3":1,"4":1,"5":1,"6":1,"7":1,"8":1,"9":1,"10":3,"11":1,"12":2,"13":2,"14":2,"15":2,"16":1,"17":1,"18":1,"19":1,"20":1,"21":1,"22":1,"23":1,"24":1,"25":1,"26":0,"27":1,"28":1,"29":1,"30":1,"31":1,"32":1,"33":1,"34":1,"35":3,"36":1,"37":1,"38":1,"39":1,"40":1,"41":1,"42":0,"43":0,"44":0,"45":1,"46":1,"47":0,"48":1,"49":1,"50":1,"51":1,"52":1,"53":1,"54":1,"55":1,"56":1,"57":0,"58":0,"59":1,"60":1,"61":0,"62":0,"63":0,"64":0,"65":0,"66":0,"67":0,"68":1},"f":{"0":3,"1":2,"2":1,"3":1,"4":1,"5":1,"6":3,"7":1,"8":1,"9":0},"b":{"0":[0,1],"1":[0,0],"2":[0,1],"3":[1,0],"4":[1,0],"5":[0,0],"6":[0,0]},"_coverageSchema":"1a1c01bbd47fc00a2c39e90264f33305004495a9","hash":"5fd3d7c2383a8c4ad29f7ca5b62fc6fa61cb388f"}
,"C:\\Users\\astor\\Desktop\\CTD\\Node\\node-homework\\db\\pg-pool.js": {"path":"C:\\Users\\astor\\Desktop\\CTD\\Node\\node-homework\\db\\pg-pool.js","statementMap":{"0":{"start":{"line":1,"column":17},"end":{"line":1,"column":30}},"1":{"start":{"line":2,"column":0},"end":{"line":2,"column":27}},"2":{"start":{"line":4,"column":13},"end":{"line":6,"column":2}},"3":{"start":{"line":8,"column":0},"end":{"line":10,"column":3}},"4":{"start":{"line":9,"column":2},"end":{"line":9,"column":56}},"5":{"start":{"line":12,"column":0},"end":{"line":12,"column":22}}},"fnMap":{"0":{"name":"(anonymous_0)","decl":{"start":{"line":8,"column":17},"end":{"line":8,"column":18}},"loc":{"start":{"line":8,"column":34},"end":{"line":10,"column":1}},"line":8}},"branchMap":{},"s":{"0":2,"1":2,"2":2,"3":2,"4":0,"5":2},"f":{"0":0},"b":{},"_coverageSchema":"1a1c01bbd47fc00a2c39e90264f33305004495a9","hash":"d063b84f84dbb973f14a480b14eb717639d42d7e"}
,"C:\\Users\\astor\\Desktop\\CTD\\Node\\node-homework\\db\\prisma.js": {"path":"C:\\Users\\astor\\Desktop\\CTD\\Node\\node-homework\\db\\prisma.js","statementMap":{"0":{"start":{"line":1,"column":25},"end":{"line":1,"column":50}},"1":{"start":{"line":4,"column":0},"end":{"line":8,"column":1}},"2":{"start":{"line":5,"column":2},"end":{"line":5,"column":28}},"3":{"start":{"line":7,"column":2},"end":{"line":7,"column":12}},"4":{"start":{"line":10,"column":15},"end":{"line":10,"column":37}},"5":{"start":{"line":12,"column":0},"end":{"line":12,"column":24}}},"fnMap":{},"branchMap":{"0":{"loc":{"start":{"line":4,"column":0},"end":{"line":8,"column":1}},"type":"if","locations":[{"start":{"line":4,"column":0},"end":{"line":8,"column":1}},{"start":{"line":6,"column":7},"end":{"line":8,"column":1}}],"line":4},"1":{"loc":{"start":{"line":4,"column":4},"end":{"line":4,"column":67}},"type":"binary-expr","locations":[{"start":{"line":4,"column":4},"end":{"line":4,"column":25}},{"start":{"line":4,"column":29},"end":{"line":4,"column":67}}],"line":4}},"s":{"0":2,"1":2,"2":0,"3":2,"4":2,"5":2},"f":{},"b":{"0":[0,2],"1":[2,2]},"_coverageSchema":"1a1c01bbd47fc00a2c39e90264f33305004495a9","hash":"47805b3448b3e69ff9fab6e3a60c1ce979efe5ea"}
,"C:\\Users\\astor\\Desktop\\CTD\\Node\\node-homework\\middleware\\error-handler.js": {"path":"C:\\Users\\astor\\Desktop\\CTD\\Node\\node-homework\\middleware\\error-handler.js","statementMap":{"0":{"start":{"line":1,"column":24},"end":{"line":1,"column":52}},"1":{"start":{"line":3,"column":31},"end":{"line":26,"column":1}},"2":{"start":{"line":4,"column":2},"end":{"line":8,"column":4}},"3":{"start":{"line":10,"column":2},"end":{"line":12,"column":3}},"4":{"start":{"line":11,"column":4},"end":{"line":11,"column":70}},"5":{"start":{"line":14,"column":2},"end":{"line":19,"column":3}},"6":{"start":{"line":16,"column":4},"end":{"line":18,"column":6}},"7":{"start":{"line":21,"column":2},"end":{"line":25,"column":3}},"8":{"start":{"line":22,"column":4},"end":{"line":24,"column":50}},"9":{"start":{"line":28,"column":0},"end":{"line":28,"column":40}}},"fnMap":{"0":{"name":"(anonymous_0)","decl":{"start":{"line":3,"column":31},"end":{"line":3,"column":32}},"loc":{"start":{"line":3,"column":56},"end":{"line":26,"column":1}},"line":3}},"branchMap":{"0":{"loc":{"start":{"line":10,"column":2},"end":{"line":12,"column":3}},"type":"if","locations":[{"start":{"line":10,"column":2},"end":{"line":12,"column":3}},{"start":{},"end":{}}],"line":10},"1":{"loc":{"start":{"line":14,"column":2},"end":{"line":19,"column":3}},"type":"if","locations":[{"start":{"line":14,"column":2},"end":{"line":19,"column":3}},{"start":{},"end":{}}],"line":14},"2":{"loc":{"start":{"line":14,"column":6},"end":{"line":14,"column":54}},"type":"binary-expr","locations":[{"start":{"line":14,"column":6},"end":{"line":14,"column":33}},{"start":{"line":14,"column":37},"end":{"line":14,"column":54}}],"line":14},"3":{"loc":{"start":{"line":21,"column":2},"end":{"line":25,"column":3}},"type":"if","locations":[{"start":{"line":21,"column":2},"end":{"line":25,"column":3}},{"start":{},"end":{}}],"line":21}},"s":{"0":1,"1":1,"2":0,"3":0,"4":0,"5":0,"6":0,"7":0,"8":0,"9":1},"f":{"0":0},"b":{"0":[0,0],"1":[0,0],"2":[0,0],"3":[0,0]},"_coverageSchema":"1a1c01bbd47fc00a2c39e90264f33305004495a9","hash":"3f85e6228e80036a9326ee4b11ae362506879522"}
,"C:\\Users\\astor\\Desktop\\CTD\\Node\\node-homework\\middleware\\jwtMiddleware.js": {"path":"C:\\Users\\astor\\Desktop\\CTD\\Node\\node-homework\\middleware\\jwtMiddleware.js","statementMap":{"0":{"start":{"line":1,"column":12},"end":{"line":1,"column":35}},"1":{"start":{"line":2,"column":24},"end":{"line":2,"column":52}},"2":{"start":{"line":4,"column":16},"end":{"line":8,"column":1}},"3":{"start":{"line":5,"column":2},"end":{"line":7,"column":52}},"4":{"start":{"line":10,"column":0},"end":{"line":31,"column":2}},"5":{"start":{"line":11,"column":16},"end":{"line":11,"column":33}},"6":{"start":{"line":12,"column":2},"end":{"line":14,"column":3}},"7":{"start":{"line":13,"column":4},"end":{"line":13,"column":24}},"8":{"start":{"line":15,"column":2},"end":{"line":30,"column":5}},"9":{"start":{"line":17,"column":4},"end":{"line":19,"column":5}},"10":{"start":{"line":18,"column":6},"end":{"line":18,"column":26}},"11":{"start":{"line":20,"column":4},"end":{"line":20,"column":34}},"12":{"start":{"line":23,"column":4},"end":{"line":28,"column":5}},"13":{"start":{"line":25,"column":6},"end":{"line":27,"column":7}},"14":{"start":{"line":26,"column":8},"end":{"line":26,"column":28}},"15":{"start":{"line":29,"column":4},"end":{"line":29,"column":11}}},"fnMap":{"0":{"name":"(anonymous_0)","decl":{"start":{"line":4,"column":16},"end":{"line":4,"column":17}},"loc":{"start":{"line":4,"column":25},"end":{"line":8,"column":1}},"line":4},"1":{"name":"(anonymous_1)","decl":{"start":{"line":10,"column":17},"end":{"line":10,"column":18}},"loc":{"start":{"line":10,"column":43},"end":{"line":31,"column":1}},"line":10},"2":{"name":"(anonymous_2)","decl":{"start":{"line":15,"column":44},"end":{"line":15,"column":45}},"loc":{"start":{"line":15,"column":62},"end":{"line":30,"column":3}},"line":15}},"branchMap":{"0":{"loc":{"start":{"line":12,"column":2},"end":{"line":14,"column":3}},"type":"if","locations":[{"start":{"line":12,"column":2},"end":{"line":14,"column":3}},{"start":{},"end":{}}],"line":12},"1":{"loc":{"start":{"line":17,"column":4},"end":{"line":19,"column":5}},"type":"if","locations":[{"start":{"line":17,"column":4},"end":{"line":19,"column":5}},{"start":{},"end":{}}],"line":17},"2":{"loc":{"start":{"line":23,"column":4},"end":{"line":28,"column":5}},"type":"if","locations":[{"start":{"line":23,"column":4},"end":{"line":28,"column":5}},{"start":{},"end":{}}],"line":23},"3":{"loc":{"start":{"line":25,"column":6},"end":{"line":27,"column":7}},"type":"if","locations":[{"start":{"line":25,"column":6},"end":{"line":27,"column":7}},{"start":{},"end":{}}],"line":25}},"s":{"0":1,"1":1,"2":1,"3":1,"4":1,"5":3,"6":3,"7":1,"8":2,"9":2,"10":0,"11":2,"12":2,"13":1,"14":0,"15":2},"f":{"0":1,"1":3,"2":2},"b":{"0":[1,2],"1":[0,2],"2":[1,1],"3":[0,1]},"_coverageSchema":"1a1c01bbd47fc00a2c39e90264f33305004495a9","hash":"2ac4e480fe5bcb28358785b81d1a5d88683daf96"}
,"C:\\Users\\astor\\Desktop\\CTD\\Node\\node-homework\\middleware\\not-found.js": {"path":"C:\\Users\\astor\\Desktop\\CTD\\Node\\node-homework\\middleware\\not-found.js","statementMap":{"0":{"start":{"line":1,"column":24},"end":{"line":1,"column":52}},"1":{"start":{"line":3,"column":19},"end":{"line":11,"column":1}},"2":{"start":{"line":4,"column":2},"end":{"line":4,"column":34}},"3":{"start":{"line":6,"column":2},"end":{"line":10,"column":3}},"4":{"start":{"line":7,"column":4},"end":{"line":9,"column":59}},"5":{"start":{"line":13,"column":0},"end":{"line":13,"column":28}}},"fnMap":{"0":{"name":"(anonymous_0)","decl":{"start":{"line":3,"column":19},"end":{"line":3,"column":20}},"loc":{"start":{"line":3,"column":39},"end":{"line":11,"column":1}},"line":3}},"branchMap":{"0":{"loc":{"start":{"line":6,"column":2},"end":{"line":10,"column":3}},"type":"if","locations":[{"start":{"line":6,"column":2},"end":{"line":10,"column":3}},{"start":{},"end":{}}],"line":6}},"s":{"0":1,"1":1,"2":0,"3":0,"4":0,"5":1},"f":{"0":0},"b":{"0":[0,0]},"_coverageSchema":"1a1c01bbd47fc00a2c39e90264f33305004495a9","hash":"2787662a6219f069420c7771ede61169b2ec710e"}
,"C:\\Users\\astor\\Desktop\\CTD\\Node\\node-homework\\routes\\analyticsRouters.js": {"path":"C:\\Users\\astor\\Desktop\\CTD\\Node\\node-homework\\routes\\analyticsRouters.js","statementMap":{"0":{"start":{"line":1,"column":16},"end":{"line":1,"column":34}},"1":{"start":{"line":6,"column":4},"end":{"line":6,"column":51}},"2":{"start":{"line":7,"column":15},"end":{"line":7,"column":31}},"3":{"start":{"line":9,"column":0},"end":{"line":9,"column":49}},"4":{"start":{"line":10,"column":0},"end":{"line":10,"column":46}},"5":{"start":{"line":11,"column":0},"end":{"line":11,"column":47}},"6":{"start":{"line":13,"column":0},"end":{"line":13,"column":24}}},"fnMap":{},"branchMap":{},"s":{"0":1,"1":1,"2":1,"3":1,"4":1,"5":1,"6":1},"f":{},"b":{},"_coverageSchema":"1a1c01bbd47fc00a2c39e90264f33305004495a9","hash":"3af147ba04fb950d9a96a0f24e075643db3c0937"}
,"C:\\Users\\astor\\Desktop\\CTD\\Node\\node-homework\\routes\\taskRouters.js": {"path":"C:\\Users\\astor\\Desktop\\CTD\\Node\\node-homework\\routes\\taskRouters.js","statementMap":{"0":{"start":{"line":1,"column":16},"end":{"line":1,"column":34}},"1":{"start":{"line":2,"column":22},"end":{"line":2,"column":62}},"2":{"start":{"line":10,"column":4},"end":{"line":10,"column":46}},"3":{"start":{"line":11,"column":15},"end":{"line":11,"column":31}},"4":{"start":{"line":12,"column":0},"end":{"line":12,"column":26}},"5":{"start":{"line":13,"column":0},"end":{"line":13,"column":31}},"6":{"start":{"line":14,"column":0},"end":{"line":14,"column":29}},"7":{"start":{"line":15,"column":0},"end":{"line":15,"column":31}},"8":{"start":{"line":16,"column":0},"end":{"line":16,"column":35}},"9":{"start":{"line":17,"column":0},"end":{"line":17,"column":40}},"10":{"start":{"line":18,"column":0},"end":{"line":18,"column":39}},"11":{"start":{"line":20,"column":0},"end":{"line":20,"column":24}}},"fnMap":{},"branchMap":{},"s":{"0":1,"1":1,"2":1,"3":1,"4":1,"5":1,"6":1,"7":1,"8":1,"9":1,"10":1,"11":1},"f":{},"b":{},"_coverageSchema":"1a1c01bbd47fc00a2c39e90264f33305004495a9","hash":"3dbb291f941b51429bf3380eff9df78b0bf3cfec"}
,"C:\\Users\\astor\\Desktop\\CTD\\Node\\node-homework\\routes\\userRouters.js": {"path":"C:\\Users\\astor\\Desktop\\CTD\\Node\\node-homework\\routes\\userRouters.js","statementMap":{"0":{"start":{"line":6,"column":4},"end":{"line":6,"column":46}},"1":{"start":{"line":7,"column":22},"end":{"line":7,"column":62}},"2":{"start":{"line":9,"column":16},"end":{"line":9,"column":34}},"3":{"start":{"line":10,"column":15},"end":{"line":10,"column":31}},"4":{"start":{"line":11,"column":0},"end":{"line":11,"column":35}},"5":{"start":{"line":12,"column":0},"end":{"line":12,"column":33}},"6":{"start":{"line":13,"column":0},"end":{"line":13,"column":41}},"7":{"start":{"line":14,"column":0},"end":{"line":14,"column":26}},"8":{"start":{"line":15,"column":0},"end":{"line":15,"column":37}},"9":{"start":{"line":16,"column":0},"end":{"line":16,"column":36}},"10":{"start":{"line":18,"column":0},"end":{"line":18,"column":24}}},"fnMap":{},"branchMap":{},"s":{"0":1,"1":1,"2":1,"3":1,"4":1,"5":1,"6":1,"7":1,"8":1,"9":1,"10":1},"f":{},"b":{},"_coverageSchema":"1a1c01bbd47fc00a2c39e90264f33305004495a9","hash":"92a65a0c14026c4df82757f2f0b859859c3e4c07"}
,"C:\\Users\\astor\\Desktop\\CTD\\Node\\node-homework\\test\\waitForRouteHandlerCompletion.js": {"path":"C:\\Users\\astor\\Desktop\\CTD\\Node\\node-homework\\test\\waitForRouteHandlerCompletion.js","statementMap":{"0":{"start":{"line":1,"column":38},"end":{"line":15,"column":1}},"1":{"start":{"line":3,"column":18},"end":{"line":11,"column":4}},"2":{"start":{"line":4,"column":4},"end":{"line":7,"column":7}},"3":{"start":{"line":5,"column":6},"end":{"line":5,"column":38}},"4":{"start":{"line":5,"column":17},"end":{"line":5,"column":38}},"5":{"start":{"line":6,"column":6},"end":{"line":6,"column":16}},"6":{"start":{"line":8,"column":4},"end":{"line":10,"column":7}},"7":{"start":{"line":9,"column":6},"end":{"line":9,"column":16}},"8":{"start":{"line":12,"column":2},"end":{"line":12,"column":29}},"9":{"start":{"line":13,"column":2},"end":{"line":13,"column":16}},"10":{"start":{"line":14,"column":2},"end":{"line":14,"column":14}},"11":{"start":{"line":16,"column":0},"end":{"line":16,"column":47}}},"fnMap":{"0":{"name":"(anonymous_0)","decl":{"start":{"line":1,"column":38},"end":{"line":1,"column":39}},"loc":{"start":{"line":1,"column":64},"end":{"line":15,"column":1}},"line":1},"1":{"name":"(anonymous_1)","decl":{"start":{"line":3,"column":30},"end":{"line":3,"column":31}},"loc":{"start":{"line":3,"column":51},"end":{"line":11,"column":3}},"line":3},"2":{"name":"(anonymous_2)","decl":{"start":{"line":4,"column":19},"end":{"line":4,"column":20}},"loc":{"start":{"line":4,"column":30},"end":{"line":7,"column":5}},"line":4},"3":{"name":"(anonymous_3)","decl":{"start":{"line":8,"column":21},"end":{"line":8,"column":22}},"loc":{"start":{"line":8,"column":27},"end":{"line":10,"column":5}},"line":8}},"branchMap":{"0":{"loc":{"start":{"line":5,"column":6},"end":{"line":5,"column":38}},"type":"if","locations":[{"start":{"line":5,"column":6},"end":{"line":5,"column":38}},{"start":{},"end":{}}],"line":5}},"s":{"0":1,"1":13,"2":13,"3":0,"4":0,"5":0,"6":13,"7":10,"8":13,"9":10,"10":10,"11":1},"f":{"0":13,"1":13,"2":0,"3":10},"b":{"0":[0,0]},"_coverageSchema":"1a1c01bbd47fc00a2c39e90264f33305004495a9","hash":"540a633bbfb0f86a5cdebb252b939fab616f27dd"}
,"C:\\Users\\astor\\Desktop\\CTD\\Node\\node-homework\\validation\\taskSchema.js": {"path":"C:\\Users\\astor\\Desktop\\CTD\\Node\\node-homework\\validation\\taskSchema.js","statementMap":{"0":{"start":{"line":1,"column":12},"end":{"line":1,"column":26}},"1":{"start":{"line":3,"column":19},"end":{"line":7,"column":2}},"2":{"start":{"line":9,"column":24},"end":{"line":15,"column":53}},"3":{"start":{"line":17,"column":0},"end":{"line":17,"column":49}}},"fnMap":{},"branchMap":{},"s":{"0":3,"1":3,"2":3,"3":3},"f":{},"b":{},"_coverageSchema":"1a1c01bbd47fc00a2c39e90264f33305004495a9","hash":"e6318eb85551b63393084e7f423054907e2b3b16"}
,"C:\\Users\\astor\\Desktop\\CTD\\Node\\node-homework\\validation\\userSchema.js": {"path":"C:\\Users\\astor\\Desktop\\CTD\\Node\\node-homework\\validation\\userSchema.js","statementMap":{"0":{"start":{"line":1,"column":12},"end":{"line":1,"column":26}},"1":{"start":{"line":3,"column":0},"end":{"line":3,"column":52}},"2":{"start":{"line":5,"column":19},"end":{"line":17,"column":2}},"3":{"start":{"line":18,"column":25},"end":{"line":26,"column":2}},"4":{"start":{"line":28,"column":0},"end":{"line":28,"column":50}}},"fnMap":{},"branchMap":{},"s":{"0":3,"1":3,"2":3,"3":3,"4":3},"f":{},"b":{},"_coverageSchema":"1a1c01bbd47fc00a2c39e90264f33305004495a9","hash":"a60d273a5794e3eed92aa98c554db07c55934241"}
}
