TN:
SF:app.js
FN:34,(anonymous_0)
FN:53,(anonymous_1)
FN:57,(anonymous_2)
FN:67,shutdown
FN:72,(anonymous_4)
FN:87,(anonymous_5)
FN:88,(anonymous_6)
FN:89,(anonymous_7)
FN:93,(anonymous_8)
FNF:9
FNH:1
FNDA:0,(anonymous_0)
FNDA:1,(anonymous_1)
FNDA:0,(anonymous_2)
FNDA:0,shutdown
FNDA:0,(anonymous_4)
FNDA:0,(anonymous_5)
FNDA:0,(anonymous_6)
FNDA:0,(anonymous_7)
FNDA:0,(anonymous_8)
DA:1,1
DA:2,1
DA:3,1
DA:4,1
DA:5,1
DA:6,1
DA:7,1
DA:8,1
DA:9,1
DA:10,1
DA:11,1
DA:13,1
DA:14,1
DA:16,1
DA:17,1
DA:18,1
DA:19,1
DA:21,1
DA:27,1
DA:29,1
DA:30,1
DA:32,1
DA:33,1
DA:34,1
DA:35,0
DA:36,0
DA:37,0
DA:39,0
DA:45,1
DA:46,1
DA:47,1
DA:49,1
DA:50,1
DA:52,1
DA:53,1
DA:54,1
DA:57,1
DA:58,0
DA:59,0
DA:61,0
DA:63,0
DA:66,1
DA:68,0
DA:69,0
DA:70,0
DA:71,0
DA:72,0
DA:73,0
DA:75,0
DA:76,0
DA:77,0
DA:79,0
DA:80,0
DA:82,0
DA:83,0
DA:87,1
DA:88,1
DA:89,1
DA:90,0
DA:91,0
DA:93,1
DA:94,0
DA:95,0
DA:98,1
LF:64
LH:39
BRDA:52,0,0,1
BRDA:52,0,1,1
BRDA:58,1,0,0
BRDA:58,1,1,0
BRDA:67,2,0,0
BRDA:68,3,0,0
BRDA:68,3,1,0
BRF:7
BRH:2
end_of_record
TN:
SF:controllers\analyticsController.js
FN:3,getUserAnalytics
FN:65,getUsersWithStats
FN:94,(anonymous_2)
FN:120,searchTasks
FNF:4
FNH:0
FNDA:0,getUserAnalytics
FNDA:0,getUsersWithStats
FNDA:0,(anonymous_2)
FNDA:0,searchTasks
DA:1,1
DA:2,1
DA:4,0
DA:5,0
DA:6,0
DA:11,0
DA:12,0
DA:15,0
DA:16,0
DA:19,0
DA:27,0
DA:44,0
DA:46,0
DA:55,0
DA:61,0
DA:66,0
DA:68,0
DA:69,0
DA:72,0
DA:73,0
DA:74,0
DA:76,0
DA:94,0
DA:103,0
DA:105,0
DA:114,0
DA:121,0
DA:124,0
DA:125,0
DA:131,0
DA:132,0
DA:133,0
DA:136,0
DA:137,0
DA:138,0
DA:141,0
DA:167,0
DA:174,1
LF:38
LH:3
BRDA:5,0,0,0
BRDA:5,0,1,0
BRDA:15,1,0,0
BRDA:15,1,1,0
BRDA:68,2,0,0
BRDA:68,2,1,0
BRDA:72,3,0,0
BRDA:72,3,1,0
BRDA:73,4,0,0
BRDA:73,4,1,0
BRDA:124,5,0,0
BRDA:124,5,1,0
BRDA:124,6,0,0
BRDA:124,6,1,0
BRDA:132,7,0,0
BRDA:132,7,1,0
BRF:16
BRH:0
end_of_record
TN:
SF:controllers\taskController.js
FN:6,(anonymous_0)
FN:8,(anonymous_1)
FN:14,create
FN:43,index
FN:119,show
FN:164,update
FN:197,deleteTask
FN:226,bulkCreate
FNF:8
FNH:6
FNDA:2,(anonymous_0)
FNDA:0,(anonymous_1)
FNDA:3,create
FNDA:4,index
FNDA:3,show
FNDA:2,update
FNDA:2,deleteTask
FNDA:0,bulkCreate
DA:1,2
DA:2,2
DA:3,2
DA:4,2
DA:5,2
DA:6,2
DA:7,2
DA:8,2
DA:9,0
DA:10,0
DA:15,3
DA:16,3
DA:17,0
DA:22,3
DA:28,2
DA:30,2
DA:40,1
DA:44,4
DA:46,4
DA:47,0
DA:50,4
DA:51,4
DA:52,4
DA:54,4
DA:55,3
DA:57,3
DA:58,0
DA:63,3
DA:64,0
DA:66,3
DA:67,0
DA:69,3
DA:70,0
DA:74,3
DA:75,0
DA:80,3
DA:100,3
DA:104,3
DA:113,3
DA:114,2
DA:116,1
DA:120,3
DA:122,3
DA:123,0
DA:126,3
DA:145,3
DA:146,1
DA:149,2
DA:165,2
DA:168,2
DA:169,0
DA:173,2
DA:174,2
DA:188,1
DA:190,1
DA:191,1
DA:193,0
DA:198,2
DA:200,2
DA:201,0
DA:206,2
DA:207,2
DA:216,1
DA:218,1
DA:219,1
DA:221,0
DA:227,0
DA:230,0
DA:231,0
DA:237,0
DA:238,0
DA:239,0
DA:240,0
DA:241,0
DA:246,0
DA:255,0
DA:256,0
DA:261,0
DA:267,0
DA:271,2
LF:80
LH:53
BRDA:16,0,0,0
BRDA:16,0,1,3
BRDA:46,1,0,0
BRDA:46,1,1,4
BRDA:50,2,0,4
BRDA:50,2,1,0
BRDA:51,3,0,4
BRDA:51,3,1,0
BRDA:57,4,0,0
BRDA:57,4,1,3
BRDA:63,5,0,0
BRDA:63,5,1,3
BRDA:66,6,0,0
BRDA:66,6,1,3
BRDA:69,7,0,0
BRDA:69,7,1,3
BRDA:74,8,0,0
BRDA:74,8,1,3
BRDA:113,9,0,2
BRDA:113,9,1,1
BRDA:122,10,0,0
BRDA:122,10,1,3
BRDA:145,11,0,1
BRDA:145,11,1,2
BRDA:168,12,0,0
BRDA:168,12,1,2
BRDA:190,13,0,1
BRDA:190,13,1,0
BRDA:200,14,0,0
BRDA:200,14,1,2
BRDA:218,15,0,1
BRDA:218,15,1,0
BRDA:230,16,0,0
BRDA:230,16,1,0
BRDA:230,17,0,0
BRDA:230,17,1,0
BRDA:230,17,2,0
BRDA:240,18,0,0
BRDA:240,18,1,0
BRDA:248,19,0,0
BRDA:248,19,1,0
BRDA:249,20,0,0
BRDA:249,20,1,0
BRF:43
BRH:18
end_of_record
TN:
SF:controllers\userController.js
FN:15,(anonymous_0)
FN:23,(anonymous_1)
FN:32,hashPassword
FN:38,comparePassword
FN:45,register
FN:59,(anonymous_5)
FN:90,(anonymous_6)
FN:128,logon
FN:165,logoff
FN:170,show
FNF:10
FNH:9
FNDA:3,(anonymous_0)
FNDA:2,(anonymous_1)
FNDA:1,hashPassword
FNDA:1,comparePassword
FNDA:1,register
FNDA:1,(anonymous_5)
FNDA:3,(anonymous_6)
FNDA:1,logon
FNDA:1,logoff
FNDA:0,show
DA:1,1
DA:2,1
DA:4,1
DA:5,1
DA:7,1
DA:8,1
DA:9,1
DA:12,1
DA:13,1
DA:15,1
DA:16,3
DA:23,1
DA:25,2
DA:26,2
DA:28,2
DA:29,2
DA:33,1
DA:34,1
DA:35,1
DA:39,1
DA:40,1
DA:41,1
DA:42,1
DA:46,1
DA:47,1
DA:48,1
DA:49,0
DA:55,1
DA:56,1
DA:58,1
DA:59,1
DA:61,1
DA:71,1
DA:84,1
DA:87,1
DA:90,3
DA:102,1
DA:105,1
DA:107,1
DA:110,1
DA:111,1
DA:117,1
DA:119,0
DA:121,0
DA:123,0
DA:129,1
DA:133,1
DA:134,0
DA:136,1
DA:137,1
DA:141,1
DA:142,1
DA:143,1
DA:144,1
DA:145,1
DA:146,1
DA:147,1
DA:154,0
DA:159,0
DA:166,1
DA:167,1
DA:171,0
DA:173,0
DA:174,0
DA:177,0
DA:198,0
DA:199,0
DA:202,0
DA:205,1
LF:69
LH:55
BRDA:48,0,0,0
BRDA:48,0,1,1
BRDA:119,1,0,0
BRDA:119,1,1,0
BRDA:133,2,0,0
BRDA:133,2,1,1
BRDA:136,3,0,1
BRDA:136,3,1,0
BRDA:141,4,0,1
BRDA:141,4,1,0
BRDA:173,5,0,0
BRDA:173,5,1,0
BRDA:198,6,0,0
BRDA:198,6,1,0
BRF:14
BRH:4
end_of_record
TN:
SF:db\pg-pool.js
FN:8,(anonymous_0)
FNF:1
FNH:0
FNDA:0,(anonymous_0)
DA:1,2
DA:2,2
DA:4,2
DA:8,2
DA:9,0
DA:12,2
LF:6
LH:5
BRF:0
BRH:0
end_of_record
TN:
SF:db\prisma.js
FNF:0
FNH:0
DA:1,2
DA:4,2
DA:5,0
DA:7,2
DA:10,2
DA:12,2
LF:6
LH:5
BRDA:4,0,0,0
BRDA:4,0,1,2
BRDA:4,1,0,2
BRDA:4,1,1,2
BRF:4
BRH:3
end_of_record
TN:
SF:middleware\error-handler.js
FN:3,(anonymous_0)
FNF:1
FNH:0
FNDA:0,(anonymous_0)
DA:1,1
DA:3,1
DA:4,0
DA:10,0
DA:11,0
DA:14,0
DA:16,0
DA:21,0
DA:22,0
DA:28,1
LF:10
LH:3
BRDA:10,0,0,0
BRDA:10,0,1,0
BRDA:14,1,0,0
BRDA:14,1,1,0
BRDA:14,2,0,0
BRDA:14,2,1,0
BRDA:21,3,0,0
BRDA:21,3,1,0
BRF:8
BRH:0
end_of_record
TN:
SF:middleware\jwtMiddleware.js
FN:4,(anonymous_0)
FN:10,(anonymous_1)
FN:15,(anonymous_2)
FNF:3
FNH:3
FNDA:1,(anonymous_0)
FNDA:3,(anonymous_1)
FNDA:2,(anonymous_2)
DA:1,1
DA:2,1
DA:4,1
DA:5,1
DA:10,1
DA:11,3
DA:12,3
DA:13,1
DA:15,2
DA:17,2
DA:18,0
DA:20,2
DA:23,2
DA:25,1
DA:26,0
DA:29,2
LF:16
LH:14
BRDA:12,0,0,1
BRDA:12,0,1,2
BRDA:17,1,0,0
BRDA:17,1,1,2
BRDA:23,2,0,1
BRDA:23,2,1,1
BRDA:25,3,0,0
BRDA:25,3,1,1
BRF:8
BRH:6
end_of_record
TN:
SF:middleware\not-found.js
FN:3,(anonymous_0)
FNF:1
FNH:0
FNDA:0,(anonymous_0)
DA:1,1
DA:3,1
DA:4,0
DA:6,0
DA:7,0
DA:13,1
LF:6
LH:3
BRDA:6,0,0,0
BRDA:6,0,1,0
BRF:2
BRH:0
end_of_record
TN:
SF:routes\analyticsRouters.js
FNF:0
FNH:0
DA:1,1
DA:6,1
DA:7,1
DA:9,1
DA:10,1
DA:11,1
DA:13,1
LF:7
LH:7
BRF:0
BRH:0
end_of_record
TN:
SF:routes\taskRouters.js
FNF:0
FNH:0
DA:1,1
DA:2,1
DA:10,1
DA:11,1
DA:12,1
DA:13,1
DA:14,1
DA:15,1
DA:16,1
DA:17,1
DA:18,1
DA:20,1
LF:12
LH:12
BRF:0
BRH:0
end_of_record
TN:
SF:routes\userRouters.js
FNF:0
FNH:0
DA:6,1
DA:7,1
DA:9,1
DA:10,1
DA:11,1
DA:12,1
DA:13,1
DA:14,1
DA:15,1
DA:16,1
DA:18,1
LF:11
LH:11
BRF:0
BRH:0
end_of_record
TN:
SF:test\waitForRouteHandlerCompletion.js
FN:1,(anonymous_0)
FN:3,(anonymous_1)
FN:4,(anonymous_2)
FN:8,(anonymous_3)
FNF:4
FNH:3
FNDA:13,(anonymous_0)
FNDA:13,(anonymous_1)
FNDA:0,(anonymous_2)
FNDA:10,(anonymous_3)
DA:1,1
DA:3,13
DA:4,13
DA:5,0
DA:6,0
DA:8,13
DA:9,10
DA:12,13
DA:13,10
DA:14,10
DA:16,1
LF:11
LH:9
BRDA:5,0,0,0
BRDA:5,0,1,0
BRF:2
BRH:0
end_of_record
TN:
SF:validation\taskSchema.js
FNF:0
FNH:0
DA:1,3
DA:3,3
DA:9,3
DA:17,3
LF:4
LH:4
BRF:0
BRH:0
end_of_record
TN:
SF:validation\userSchema.js
FNF:0
FNH:0
DA:1,3
DA:3,3
DA:5,3
DA:18,3
DA:28,3
LF:5
LH:5
BRF:0
BRH:0
end_of_record
